<?xml version='1.0' encoding='UTF-8'?>
<testsuites name="results">
  <testsuite name="all" package="all" tests="0">
    <testcase classname="test_dut" name="small_dword_stream_write_test" time="0.0">
      <skipped />
    </testcase>
    <testcase classname="test_dut" name="single_dword_write_test" time="0.0">
      <skipped />
    </testcase>
    <testcase classname="test_dut" name="two_packet_stream_write_test" time="0.0">
      <skipped />
    </testcase>
    <testcase classname="test_dut" name="full_packet_stream_write_test" time="0.0">
      <skipped />
    </testcase>
    <testcase classname="test_dut" name="double_block_write_read_test" time="3.4551210403442383" />
    <testcase classname="test_dut" name="single_block_write_read_test" time="1.8349981307983398" />
    <testcase classname="test_dut" name="single_dword_write_read_test" time="0.2640218734741211" />
    <testcase classname="test_dut" name="small_dword_write_read_test" time="0.26812100410461426" />
  </testsuite>
</testsuites>
